# JRE version: OpenJDK Runtime Environment Temurin-21.0.8+9 (21.0.8+9) (build 21.0.8+9-LTS)
# Java VM: OpenJDK 64-Bit Server VM Temurin-21.0.8+9 (21.0.8+9-LTS, mixed mode, sharing, tiered, compressed oops, compressed class ptrs, parallel gc, windows-amd64)
GC Precious Log:
 CardTable entry size: 512
 CPUs: 6 total, 6 available
 Memory: 16301M
 Large Page Support: Disabled
 NUMA Support: Disabled
 Compressed Oops: Enabled (32-bit)
 Alignments: Space 512K, Generation 512K, Heap 2M
 Heap Min Capacity: 100M
 Heap Initial Capacity: 100M
 Heap Max Capacity: 2G
 Pre-touch: Disabled
 Parallel Workers: 6
Heap:
 PSYoungGen      total 10752K, used 5982K [0x00000000d5580000, 0x00000000d6100000, 0x0000000100000000)
  eden space 9728K, 56% used [0x00000000d5580000,0x00000000d5ad57d0,0x00000000d5f00000)
  from space 1024K, 50% used [0x00000000d5f00000,0x00000000d5f82400,0x00000000d6000000)
  to   space 1024K, 0% used [0x00000000d6000000,0x00000000d6000000,0x00000000d6100000)
 ParOldGen       total 1001984K, used 1001562K [0x0000000080000000, 0x00000000bd280000, 0x00000000d5580000)
  object space 1001984K, 99% used [0x0000000080000000,0x00000000bd2169c0,0x00000000bd280000)
 Metaspace       used 107665K, committed 109504K, reserved 1179648K
  class space    used 10404K, committed 11328K, reserved 1048576K
GC Heap History (20 events):
Event: 41890.156 GC heap before
{Heap before GC invocations=19473 (full 23):
 PSYoungGen      total 11264K, used 10778K [0x00000000d5580000, 0x00000000d6200000, 0x0000000100000000)
  eden space 9728K, 100% used [0x00000000d5580000,0x00000000d5f00000,0x00000000d5f00000)
  from space 1536K, 68% used [0x00000000d5f00000,0x00000000d6006920,0x00000000d6080000)
  to   space 1536K, 0% used [0x00000000d6080000,0x00000000d6080000,0x00000000d6200000)
 ParOldGen       total 997376K, used 996865K [0x0000000080000000, 0x00000000bce00000, 0x00000000d5580000)
  object space 997376K, 99% used [0x0000000080000000,0x00000000bcd80428,0x00000000bce00000)
 Metaspace       used 107665K, committed 109504K, reserved 1179648K
  class space    used 10404K, committed 11328K, reserved 1048576K
}
Event: 41890.158 GC heap after
{Heap after GC invocations=19473 (full 23):
 PSYoungGen      total 10752K, used 905K [0x00000000d5580000, 0x00000000d6180000, 0x0000000100000000)
  eden space 9728K, 0% used [0x00000000d5580000,0x00000000d5580000,0x00000000d5f00000)
  from space 1024K, 88% used [0x00000000d6080000,0x00000000d6162400,0x00000000d6180000)
  to   space 1024K, 0% used [0x00000000d5f80000,0x00000000d5f80000,0x00000000d6080000)
 ParOldGen       total 997888K, used 997862K [0x0000000080000000, 0x00000000bce80000, 0x00000000d5580000)
  object space 997888K, 99% used [0x0000000080000000,0x00000000bce798c0,0x00000000bce80000)
 Metaspace       used 107665K, committed 109504K, reserved 1179648K
  class space    used 10404K, committed 11328K, reserved 1048576K
}
Event: 41890.177 GC heap before
{Heap before GC invocations=19474 (full 23):
 PSYoungGen      total 10752K, used 10633K [0x00000000d5580000, 0x00000000d6180000, 0x0000000100000000)
  eden space 9728K, 100% used [0x00000000d5580000,0x00000000d5f00000,0x00000000d5f00000)
  from space 1024K, 88% used [0x00000000d6080000,0x00000000d6162400,0x00000000d6180000)
  to   space 1024K, 0% used [0x00000000d5f80000,0x00000000d5f80000,0x00000000d6080000)
 ParOldGen       total 997888K, used 997862K [0x0000000080000000, 0x00000000bce80000, 0x00000000d5580000)
  object space 997888K, 99% used [0x0000000080000000,0x00000000bce798c0,0x00000000bce80000)
 Metaspace       used 107665K, committed 109504K, reserved 1179648K
  class space    used 10404K, committed 11328K, reserved 1048576K
}
Event: 41890.180 GC heap after
{Heap after GC invocations=19474 (full 23):
 PSYoungGen      total 10752K, used 841K [0x00000000d5580000, 0x00000000d6100000, 0x0000000100000000)
  eden space 9728K, 0% used [0x00000000d5580000,0x00000000d5580000,0x00000000d5f00000)
  from space 1024K, 82% used [0x00000000d5f80000,0x00000000d6052420,0x00000000d6080000)
  to   space 512K, 0% used [0x00000000d6080000,0x00000000d6080000,0x00000000d6100000)
 ParOldGen       total 998912K, used 998663K [0x0000000080000000, 0x00000000bcf80000, 0x00000000d5580000)
  object space 998912K, 99% used [0x0000000080000000,0x00000000bcf41d98,0x00000000bcf80000)
 Metaspace       used 107665K, committed 109504K, reserved 1179648K
  class space    used 10404K, committed 11328K, reserved 1048576K
}
Event: 41890.364 GC heap before
{Heap before GC invocations=19475 (full 23):
 PSYoungGen      total 10752K, used 10569K [0x00000000d5580000, 0x00000000d6100000, 0x0000000100000000)
  eden space 9728K, 100% used [0x00000000d5580000,0x00000000d5f00000,0x00000000d5f00000)
  from space 1024K, 82% used [0x00000000d5f80000,0x00000000d6052420,0x00000000d6080000)
  to   space 512K, 0% used [0x00000000d6080000,0x00000000d6080000,0x00000000d6100000)
 ParOldGen       total 998912K, used 998663K [0x0000000080000000, 0x00000000bcf80000, 0x00000000d5580000)
  object space 998912K, 99% used [0x0000000080000000,0x00000000bcf41d98,0x00000000bcf80000)
 Metaspace       used 107665K, committed 109504K, reserved 1179648K
  class space    used 10404K, committed 11328K, reserved 1048576K
}
Event: 41890.368 GC heap after
{Heap after GC invocations=19475 (full 23):
 PSYoungGen      total 10240K, used 505K [0x00000000d5580000, 0x00000000d6200000, 0x0000000100000000)
  eden space 9728K, 0% used [0x00000000d5580000,0x00000000d5580000,0x00000000d5f00000)
  from space 512K, 98% used [0x00000000d6080000,0x00000000d60fe410,0x00000000d6100000)
  to   space 1536K, 0% used [0x00000000d5f00000,0x00000000d5f00000,0x00000000d6080000)
 ParOldGen       total 999424K, used 999269K [0x0000000080000000, 0x00000000bd000000, 0x00000000d5580000)
  object space 999424K, 99% used [0x0000000080000000,0x00000000bcfd9528,0x00000000bd000000)
 Metaspace       used 107665K, committed 109504K, reserved 1179648K
  class space    used 10404K, committed 11328K, reserved 1048576K
}
Event: 41890.563 GC heap before
{Heap before GC invocations=19476 (full 23):
 PSYoungGen      total 10240K, used 10233K [0x00000000d5580000, 0x00000000d6200000, 0x0000000100000000)
  eden space 9728K, 100% used [0x00000000d5580000,0x00000000d5f00000,0x00000000d5f00000)
  from space 512K, 98% used [0x00000000d6080000,0x00000000d60fe410,0x00000000d6100000)
  to   space 1536K, 0% used [0x00000000d5f00000,0x00000000d5f00000,0x00000000d6080000)
 ParOldGen       total 999424K, used 999269K [0x0000000080000000, 0x00000000bd000000, 0x00000000d5580000)
  object space 999424K, 99% used [0x0000000080000000,0x00000000bcfd9528,0x00000000bd000000)
 Metaspace       used 107665K, committed 109504K, reserved 1179648K
  class space    used 10404K, committed 11328K, reserved 1048576K
}
Event: 41890.565 GC heap after
{Heap after GC invocations=19476 (full 23):
 PSYoungGen      total 10752K, used 964K [0x00000000d5580000, 0x00000000d6100000, 0x0000000100000000)
  eden space 9728K, 0% used [0x00000000d5580000,0x00000000d5580000,0x00000000d5f00000)
  from space 1024K, 94% used [0x00000000d5f00000,0x00000000d5ff1230,0x00000000d6000000)
  to   space 1024K, 0% used [0x00000000d6000000,0x00000000d6000000,0x00000000d6100000)
 ParOldGen       total 999936K, used 999674K [0x0000000080000000, 0x00000000bd080000, 0x00000000d5580000)
  object space 999936K, 99% used [0x0000000080000000,0x00000000bd03e9c0,0x00000000bd080000)
 Metaspace       used 107665K, committed 109504K, reserved 1179648K
  class space    used 10404K, committed 11328K, reserved 1048576K
}
Event: 41891.071 GC heap before
{Heap before GC invocations=19477 (full 23):
 PSYoungGen      total 10752K, used 10692K [0x00000000d5580000, 0x00000000d6100000, 0x0000000100000000)
  eden space 9728K, 100% used [0x00000000d5580000,0x00000000d5f00000,0x00000000d5f00000)
  from space 1024K, 94% used [0x00000000d5f00000,0x00000000d5ff1230,0x00000000d6000000)
  to   space 1024K, 0% used [0x00000000d6000000,0x00000000d6000000,0x00000000d6100000)
 ParOldGen       total 999936K, used 999674K [0x0000000080000000, 0x00000000bd080000, 0x00000000d5580000)
  object space 999936K, 99% used [0x0000000080000000,0x00000000bd03e9c0,0x00000000bd080000)
 Metaspace       used 107665K, committed 109504K, reserved 1179648K
  class space    used 10404K, committed 11328K, reserved 1048576K
}
Event: 41891.072 GC heap after
{Heap after GC invocations=19477 (full 23):
 PSYoungGen      total 10752K, used 297K [0x00000000d5580000, 0x00000000d6100000, 0x0000000100000000)
  eden space 9728K, 0% used [0x00000000d5580000,0x00000000d5580000,0x00000000d5f00000)
  from space 1024K, 29% used [0x00000000d6000000,0x00000000d604a400,0x00000000d6100000)
  to   space 1024K, 0% used [0x00000000d5f00000,0x00000000d5f00000,0x00000000d6000000)
 ParOldGen       total 1000448K, used 1000032K [0x0000000080000000, 0x00000000bd100000, 0x00000000d5580000)
  object space 1000448K, 99% used [0x0000000080000000,0x00000000bd098160,0x00000000bd100000)
 Metaspace       used 107665K, committed 109504K, reserved 1179648K
  class space    used 10404K, committed 11328K, reserved 1048576K
}
Event: 41891.507 GC heap before
{Heap before GC invocations=19478 (full 23):
 PSYoungGen      total 10752K, used 10025K [0x00000000d5580000, 0x00000000d6100000, 0x0000000100000000)
  eden space 9728K, 100% used [0x00000000d5580000,0x00000000d5f00000,0x00000000d5f00000)
  from space 1024K, 29% used [0x00000000d6000000,0x00000000d604a400,0x00000000d6100000)
  to   space 1024K, 0% used [0x00000000d5f00000,0x00000000d5f00000,0x00000000d6000000)
 ParOldGen       total 1000448K, used 1000032K [0x0000000080000000, 0x00000000bd100000, 0x00000000d5580000)
  object space 1000448K, 99% used [0x0000000080000000,0x00000000bd098160,0x00000000bd100000)
 Metaspace       used 107665K, committed 109504K, reserved 1179648K
  class space    used 10404K, committed 11328K, reserved 1048576K
}
Event: 41891.509 GC heap after
{Heap after GC invocations=19478 (full 23):
 PSYoungGen      total 10752K, used 473K [0x00000000d5580000, 0x00000000d6080000, 0x0000000100000000)
  eden space 9728K, 0% used [0x00000000d5580000,0x00000000d5580000,0x00000000d5f00000)
  from space 1024K, 46% used [0x00000000d5f00000,0x00000000d5f76410,0x00000000d6000000)
  to   space 512K, 0% used [0x00000000d6000000,0x00000000d6000000,0x00000000d6080000)
 ParOldGen       total 1000448K, used 1000064K [0x0000000080000000, 0x00000000bd100000, 0x00000000d5580000)
  object space 1000448K, 99% used [0x0000000080000000,0x00000000bd0a0160,0x00000000bd100000)
 Metaspace       used 107665K, committed 109504K, reserved 1179648K
  class space    used 10404K, committed 11328K, reserved 1048576K
}
Event: 41906.726 GC heap before
{Heap before GC invocations=19479 (full 23):
 PSYoungGen      total 10752K, used 10201K [0x00000000d5580000, 0x00000000d6080000, 0x0000000100000000)
  eden space 9728K, 100% used [0x00000000d5580000,0x00000000d5f00000,0x00000000d5f00000)
  from space 1024K, 46% used [0x00000000d5f00000,0x00000000d5f76410,0x00000000d6000000)
  to   space 512K, 0% used [0x00000000d6000000,0x00000000d6000000,0x00000000d6080000)
 ParOldGen       total 1000448K, used 1000064K [0x0000000080000000, 0x00000000bd100000, 0x00000000d5580000)
  object space 1000448K, 99% used [0x0000000080000000,0x00000000bd0a0160,0x00000000bd100000)
 Metaspace       used 107665K, committed 109504K, reserved 1179648K
  class space    used 10404K, committed 11328K, reserved 1048576K
}
Event: 41906.731 GC heap after
{Heap after GC invocations=19479 (full 23):
 PSYoungGen      total 10240K, used 361K [0x00000000d5580000, 0x00000000d6080000, 0x0000000100000000)
  eden space 9728K, 0% used [0x00000000d5580000,0x00000000d5580000,0x00000000d5f00000)
  from space 512K, 70% used [0x00000000d6000000,0x00000000d605a400,0x00000000d6080000)
  to   space 512K, 0% used [0x00000000d5f80000,0x00000000d5f80000,0x00000000d6000000)
 ParOldGen       total 1000448K, used 1000080K [0x0000000080000000, 0x00000000bd100000, 0x00000000d5580000)
  object space 1000448K, 99% used [0x0000000080000000,0x00000000bd0a4160,0x00000000bd100000)
 Metaspace       used 107665K, committed 109504K, reserved 1179648K
  class space    used 10404K, committed 11328K, reserved 1048576K
}
Event: 41906.776 GC heap before
{Heap before GC invocations=19480 (full 23):
 PSYoungGen      total 10240K, used 10089K [0x00000000d5580000, 0x00000000d6080000, 0x0000000100000000)
  eden space 9728K, 100% used [0x00000000d5580000,0x00000000d5f00000,0x00000000d5f00000)
  from space 512K, 70% used [0x00000000d6000000,0x00000000d605a400,0x00000000d6080000)
  to   space 512K, 0% used [0x00000000d5f80000,0x00000000d5f80000,0x00000000d6000000)
 ParOldGen       total 1000448K, used 1000080K [0x0000000080000000, 0x00000000bd100000, 0x00000000d5580000)
  object space 1000448K, 99% used [0x0000000080000000,0x00000000bd0a4160,0x00000000bd100000)
 Metaspace       used 107665K, committed 109504K, reserved 1179648K
  class space    used 10404K, committed 11328K, reserved 1048576K
}
Event: 41906.781 GC heap after
{Heap after GC invocations=19480 (full 23):
 PSYoungGen      total 10240K, used 512K [0x00000000d5580000, 0x00000000d6200000, 0x0000000100000000)
  eden space 9728K, 0% used [0x00000000d5580000,0x00000000d5580000,0x00000000d5f00000)
  from space 512K, 100% used [0x00000000d5f80000,0x00000000d6000000,0x00000000d6000000)
  to   space 1536K, 0% used [0x00000000d6080000,0x00000000d6080000,0x00000000d6200000)
 ParOldGen       total 1000960K, used 1000730K [0x0000000080000000, 0x00000000bd180000, 0x00000000d5580000)
  object space 1000960K, 99% used [0x0000000080000000,0x00000000bd1469a0,0x00000000bd180000)
 Metaspace       used 107665K, committed 109504K, reserved 1179648K
  class space    used 10404K, committed 11328K, reserved 1048576K
}
Event: 41907.165 GC heap before
{Heap before GC invocations=19481 (full 23):
 PSYoungGen      total 10240K, used 10240K [0x00000000d5580000, 0x00000000d6200000, 0x0000000100000000)
  eden space 9728K, 100% used [0x00000000d5580000,0x00000000d5f00000,0x00000000d5f00000)
  from space 512K, 100% used [0x00000000d5f80000,0x00000000d6000000,0x00000000d6000000)
  to   space 1536K, 0% used [0x00000000d6080000,0x00000000d6080000,0x00000000d6200000)
 ParOldGen       total 1000960K, used 1000730K [0x0000000080000000, 0x00000000bd180000, 0x00000000d5580000)
  object space 1000960K, 99% used [0x0000000080000000,0x00000000bd1469a0,0x00000000bd180000)
 Metaspace       used 107665K, committed 109504K, reserved 1179648K
  class space    used 10404K, committed 11328K, reserved 1048576K
}
Event: 41907.169 GC heap after
{Heap after GC invocations=19481 (full 23):
 PSYoungGen      total 10240K, used 410K [0x00000000d5580000, 0x00000000d6100000, 0x0000000100000000)
  eden space 9728K, 0% used [0x00000000d5580000,0x00000000d5580000,0x00000000d5f00000)
  from space 512K, 80% used [0x00000000d6080000,0x00000000d60e6900,0x00000000d6100000)
  to   space 1024K, 0% used [0x00000000d5f00000,0x00000000d5f00000,0x00000000d6000000)
 ParOldGen       total 1001472K, used 1001282K [0x0000000080000000, 0x00000000bd200000, 0x00000000d5580000)
  object space 1001472K, 99% used [0x0000000080000000,0x00000000bd1d09c0,0x00000000bd200000)
 Metaspace       used 107665K, committed 109504K, reserved 1179648K
  class space    used 10404K, committed 11328K, reserved 1048576K
}
Event: 41907.513 GC heap before
{Heap before GC invocations=19482 (full 23):
 PSYoungGen      total 10240K, used 10138K [0x00000000d5580000, 0x00000000d6100000, 0x0000000100000000)
  eden space 9728K, 100% used [0x00000000d5580000,0x00000000d5f00000,0x00000000d5f00000)
  from space 512K, 80% used [0x00000000d6080000,0x00000000d60e6900,0x00000000d6100000)
  to   space 1024K, 0% used [0x00000000d5f00000,0x00000000d5f00000,0x00000000d6000000)
 ParOldGen       total 1001472K, used 1001282K [0x0000000080000000, 0x00000000bd200000, 0x00000000d5580000)
  object space 1001472K, 99% used [0x0000000080000000,0x00000000bd1d09c0,0x00000000bd200000)
 Metaspace       used 107665K, committed 109504K, reserved 1179648K
  class space    used 10404K, committed 11328K, reserved 1048576K
}
Event: 41907.517 GC heap after
{Heap after GC invocations=19482 (full 23):
 PSYoungGen      total 10752K, used 521K [0x00000000d5580000, 0x00000000d6100000, 0x0000000100000000)
  eden space 9728K, 0% used [0x00000000d5580000,0x00000000d5580000,0x00000000d5f00000)
  from space 1024K, 50% used [0x00000000d5f00000,0x00000000d5f82400,0x00000000d6000000)
  to   space 1024K, 0% used [0x00000000d6000000,0x00000000d6000000,0x00000000d6100000)
 ParOldGen       total 1001984K, used 1001562K [0x0000000080000000, 0x00000000bd280000, 0x00000000d5580000)
  object space 1001984K, 99% used [0x0000000080000000,0x00000000bd2169c0,0x00000000bd280000)
 Metaspace       used 107665K, committed 109504K, reserved 1179648K
  class space    used 10404K, committed 11328K, reserved 1048576K
}

